<?xml version="1.0" encoding="UTF-8"?>
<!-- Generated by org.testng.reporters.JUnitReportReporter -->
<testsuite hostname="SYNHNJL-1616" name="TestAPIRequestExecution.TestHourlyForeCast" tests="1" failures="0" timestamp="10 May 2019 15:15:15 GMT" time="0.790" errors="0">
  <testcase name="getHourlyCityForeCast" time="0.790" classname="TestAPIRequestExecution.TestHourlyForeCast"/>
</testsuite> <!-- TestAPIRequestExecution.TestHourlyForeCast -->
